<?xml version="1.0" encoding="UTF-8"?>
<testng-results ignored="0" total="1" passed="1" failed="0" skipped="0">
  <reporter-output>
  </reporter-output>
  <suite started-at="2023-06-23T15:18:53 IST" name="Default suite" finished-at="2023-06-23T15:20:23 IST" duration-ms="90214">
    <groups>
    </groups>
    <test started-at="2023-06-23T15:18:53 IST" name="Default test" finished-at="2023-06-23T15:20:23 IST" duration-ms="90214">
      <class name="testngpkg.Questionwindow">
        <test-method is-config="true" signature="setup()[pri:0, instance:testngpkg.Questionwindow@52b1beb6]" started-at="2023-06-23T15:18:53 IST" name="setup" finished-at="2023-06-23T15:19:50 IST" duration-ms="56624" status="PASS">
          <reporter-output>
          </reporter-output>
        </test-method> <!-- setup -->
        <test-method is-config="true" signature="urlload()[pri:0, instance:testngpkg.Questionwindow@52b1beb6]" started-at="2023-06-23T15:19:50 IST" name="urlload" finished-at="2023-06-23T15:20:11 IST" duration-ms="20734" status="PASS">
          <reporter-output>
          </reporter-output>
        </test-method> <!-- urlload -->
        <test-method signature="test()[pri:0, instance:testngpkg.Questionwindow@52b1beb6]" started-at="2023-06-23T15:20:11 IST" name="test" finished-at="2023-06-23T15:20:23 IST" duration-ms="12747" status="PASS">
          <reporter-output>
          </reporter-output>
        </test-method> <!-- test -->
      </class> <!-- testngpkg.Questionwindow -->
    </test> <!-- Default test -->
  </suite> <!-- Default suite -->
</testng-results>
